vextend_v_u16.c:10:2: warning: multi-line comment [-Wcomment]
   10 |  //#define data_init_bool(a, b, n, threshold) \
      |  ^
vextend_v_u16.c:12:44: warning: backslash and newline separated by space
   12 |  #define data_init_scalar(a, b, threshold) \
      |                                             
vextend_v_u16.c:14:40: warning: backslash and newline separated by space
   14 |  #define data_init(a, b, n, threshold) \
      |                                         
vextend_v_u16.c:15:35: warning: backslash and newline separated by space
   15 |      for(int i = 0; i < n; i++) { \
      |                                    
vextend_v_u16.c:16:40: warning: backslash and newline separated by space
   16 |              a[i] = random(threshold); \
      |                                         
vextend_v_u16.c:17:27: warning: backslash and newline separated by space
   17 |              b[i] = a[i]; \
      |                            
vextend_v_u16.c:23:6: warning: no previous prototype for 'vextend_v_u16_golden' [-Wmissing-prototypes]
   23 | void vextend_v_u16_golden(uint16_t *a,uint32_t *exp_result) {
      |      ^~~~~~~~~~~~~~~~~~~~
vextend_v_u16.c: In function 'vextend_v_u16_golden':
vextend_v_u16.c:25:1: error: 'Operator' undeclared (first use in this function); did you mean 'perror'?
   25 | Operator Line --- TODO
      | ^~~~~~~~
      | perror
vextend_v_u16.c:25:1: note: each undeclared identifier is reported only once for each function it appears in
vextend_v_u16.c:25:9: error: expected ';' before 'Line'
   25 | Operator Line --- TODO
      |         ^~~~~
      |         ;
vextend_v_u16.c:23:37: warning: unused parameter 'a' [-Wunused-parameter]
   23 | void vextend_v_u16_golden(uint16_t *a,uint32_t *exp_result) {
      |                           ~~~~~~~~~~^
vextend_v_u16.c:23:49: warning: unused parameter 'exp_result' [-Wunused-parameter]
   23 | void vextend_v_u16_golden(uint16_t *a,uint32_t *exp_result) {
      |                                       ~~~~~~~~~~^~~~~~~~~~
vextend_v_u16.c: In function 'main':
vextend_v_u16.c:43:14: warning: implicit declaration of function 'vextend_v_u16'; did you mean 'vext_v_u16'? [-Wimplicit-function-declaration]
   43 |     result = vextend_v_u16(a);
      |              ^~~~~~~~~~~~~
      |              vext_v_u16
vextend_v_u16.c:43:14: error: incompatible types when assigning to type 'uint32x16x2_t' from type 'int'
vextend_v_u16.c:47:35: error: subscripted value is neither array nor pointer nor vector
   47 |         if(exp_result[i] != result[i]) {
      |                                   ^
vextend_v_u16.c:48:79: error: subscripted value is neither array nor pointer nor vector
   48 |             printf("Failed: result[%d] = %x, exp_result[%d] = %x\n", i, result[i], i, exp_result[i]);
      |                                                                               ^
vextend_v_u16.c:34:19: warning: variable 'result' set but not used [-Wunused-but-set-variable]
   34 |     uint32x16x2_t result = {0};
      |                   ^~~~~~
make[1]: *** [/home/test/workspace/risc-v/rivai/riscv-intrinsic-testing/bin/test/vextend_v_u16.o] Error 1
make: *** [bare] Error 2
======================================================================

 target	:	deccription
****************************
 bare	:	build application on baremental case. param: type=app-type app=app-name

 rbb	:	run bare-app on beak. (build it firstly if modified) param: APP_TYPE=type APP_NAME=app-name , bp=beak-param

 clean		:	delete objects generated by make
****************************

/home/test/workspace/risc-v/rivai/riscv-intrinsic-testing/scripts/gorun.sh /home/test/workspace/risc-v/rivai/riscv-intrinsic-testing/test "make -j4 APP_TYPE=test APP_NAME=vextend_v_u16"
~/workspace/risc-v/rivai/riscv-intrinsic-testing/test ~/workspace/risc-v/rivai/riscv-intrinsic-testing
make[1]: Entering directory '/home/test/workspace/risc-v/rivai/riscv-intrinsic-testing/test'
    CC vextend_v_u16.c
Makefile:73: recipe for target '/home/test/workspace/risc-v/rivai/riscv-intrinsic-testing/bin/test/vextend_v_u16.o' failed
make[1]: Leaving directory '/home/test/workspace/risc-v/rivai/riscv-intrinsic-testing/test'
Makefile:37: recipe for target 'bare' failed