vcsr_i_i32_m.c:9:2: warning: multi-line comment [-Wcomment]
    9 |  //#define data_init_bool(a, b, n, threshold) \
      |  ^
vcsr_i_i32_m.c:11:44: warning: backslash and newline separated by space
   11 |  #define data_init_scalar(a, b, threshold) \
      |                                             
vcsr_i_i32_m.c:30:6: warning: no previous prototype for 'vcsr_i_i32_m_golden' [-Wmissing-prototypes]
   30 | void vcsr_i_i32_m_golden(uint64_t *mask,int32_t *maskoff,int32_t *a,uint32_t imm,int32_t *exp_result) {
      |      ^~~~~~~~~~~~~~~~~~~
vcsr_i_i32_m.c: In function 'vcsr_i_i32_m_golden':
vcsr_i_i32_m.c:30:50: warning: unused parameter 'maskoff' [-Wunused-parameter]
   30 | void vcsr_i_i32_m_golden(uint64_t *mask,int32_t *maskoff,int32_t *a,uint32_t imm,int32_t *exp_result) {
      |                                         ~~~~~~~~~^~~~~~~
vcsr_i_i32_m.c:30:67: warning: unused parameter 'a' [-Wunused-parameter]
   30 | void vcsr_i_i32_m_golden(uint64_t *mask,int32_t *maskoff,int32_t *a,uint32_t imm,int32_t *exp_result) {
      |                                                          ~~~~~~~~~^
vcsr_i_i32_m.c: In function 'main':
vcsr_i_i32_m.c:52:5: warning: implicit declaration of function 'data_init_bool'; did you mean 'data_init_scalar'? [-Wimplicit-function-declaration]
   52 |     data_init_bool(mask, exp_mask, 16, 0xffffffff);
      |     ^~~~~~~~~~~~~~
      |     data_init_scalar
vcsr_i_i32_m.c:61:40: error: incompatible type for argument 3 of 'vcsr_i_i32_m'
   61 |     result = vcsr_i_i32_m(mask,maskoff,a,0);
      |                                        ^
      |                                        |
      |                                        int32x16_t
In file included from vcsr_i_i32_m.c:4:
/opt/analog/riscv/1.0.1/Riscv/software/host/bin/gcc/lib/gcc/riscv32-rivai-elf/10.2.1/include/rivai_rugrats.h:1691:1: note: expected 'uint32_t' {aka 'const long unsigned int'} but argument is of type 'int32x16_t'
 1691 | __RUGRATS_I_OP (csr, i, int, uint, 32, 32, 16)
      | ^~~~~~~~~~~~~~
vcsr_i_i32_m.c:61:14: error: too many arguments to function 'vcsr_i_i32_m'
   61 |     result = vcsr_i_i32_m(mask,maskoff,a,0);
      |              ^~~~~~~~~~~~
In file included from vcsr_i_i32_m.c:4:
/opt/analog/riscv/1.0.1/Riscv/software/host/bin/gcc/lib/gcc/riscv32-rivai-elf/10.2.1/include/rivai_rugrats.h:1691:1: note: declared here
 1691 | __RUGRATS_I_OP (csr, i, int, uint, 32, 32, 16)
      | ^~~~~~~~~~~~~~
vcsr_i_i32_m.c:66:64: warning: format '%x' expects argument of type 'unsigned int', but argument 5 has type 'int32_t' {aka 'long int'} [-Wformat=]
   66 |             printf("Failed: result[%d] = %x, exp_result[%d] = %x\n", i, result[i], i, exp_result[i]);
      |                                                               ~^                      ~~~~~~~~~~~~~
      |                                                                |                                |
      |                                                                unsigned int                     int32_t {aka long int}
      |                                                               %lx
vcsr_i_i32_m.c:43:14: warning: variable 'imm' set but not used [-Wunused-but-set-variable]
   43 |     uint32_t imm;
      |              ^~~
make[1]: *** [/home/test/workspace/risc-v/rivai/riscv-intrinsic-testing/bin/test/vcsr_i_i32_m.o] Error 1
make: *** [bare] Error 2
======================================================================

 target	:	deccription
****************************
 bare	:	build application on baremental case. param: type=app-type app=app-name

 rbb	:	run bare-app on beak. (build it firstly if modified) param: APP_TYPE=type APP_NAME=app-name , bp=beak-param

 clean		:	delete objects generated by make
****************************

/home/test/workspace/risc-v/rivai/riscv-intrinsic-testing/scripts/gorun.sh /home/test/workspace/risc-v/rivai/riscv-intrinsic-testing/test "make -j4 APP_TYPE=test APP_NAME=vcsr_i_i32_m"
~/workspace/risc-v/rivai/riscv-intrinsic-testing/test ~/workspace/risc-v/rivai/riscv-intrinsic-testing
make[1]: Entering directory '/home/test/workspace/risc-v/rivai/riscv-intrinsic-testing/test'
    CC vcsr_i_i32_m.c
Makefile:73: recipe for target '/home/test/workspace/risc-v/rivai/riscv-intrinsic-testing/bin/test/vcsr_i_i32_m.o' failed
make[1]: Leaving directory '/home/test/workspace/risc-v/rivai/riscv-intrinsic-testing/test'
Makefile:37: recipe for target 'bare' failed