vwsra_ww_i32_m.c:9:2: warning: multi-line comment [-Wcomment]
    9 |  //#define data_init_bool(a, b, n, threshold) \
      |  ^
vwsra_ww_i32_m.c:11:44: warning: backslash and newline separated by space
   11 |  #define data_init_scalar(a, b, threshold) \
      |                                             
vwsra_ww_i32_m.c:13:40: warning: backslash and newline separated by space
   13 |  #define data_init(a, b, n, threshold) \
      |                                         
vwsra_ww_i32_m.c:14:35: warning: backslash and newline separated by space
   14 |      for(int i = 0; i < n; i++) { \
      |                                    
vwsra_ww_i32_m.c:15:40: warning: backslash and newline separated by space
   15 |              a[i] = random(threshold); \
      |                                         
vwsra_ww_i32_m.c:16:27: warning: backslash and newline separated by space
   16 |              b[i] = a[i]; \
      |                            
vwsra_ww_i32_m.c:22:6: warning: no previous prototype for 'vwsra_ww_i32_m_golden' [-Wmissing-prototypes]
   22 | void vwsra_ww_i32_m_golden(bool32_t mask,int16_t *maskoff,int32_t *a,uint32_t *b,int32_t *exp_result) {
      |      ^~~~~~~~~~~~~~~~~~~~~
vwsra_ww_i32_m.c: In function 'vwsra_ww_i32_m_golden':
vwsra_ww_i32_m.c:22:68: warning: unused parameter 'a' [-Wunused-parameter]
   22 | void vwsra_ww_i32_m_golden(bool32_t mask,int16_t *maskoff,int32_t *a,uint32_t *b,int32_t *exp_result) {
      |                                                           ~~~~~~~~~^
vwsra_ww_i32_m.c:22:80: warning: unused parameter 'b' [-Wunused-parameter]
   22 | void vwsra_ww_i32_m_golden(bool32_t mask,int16_t *maskoff,int32_t *a,uint32_t *b,int32_t *exp_result) {
      |                                                                      ~~~~~~~~~~^
vwsra_ww_i32_m.c: In function 'main':
vwsra_ww_i32_m.c:42:5: warning: implicit declaration of function 'data_init_bool'; did you mean 'data_init_scalar'? [-Wimplicit-function-declaration]
   42 |     data_init_bool(mask, exp_mask, 32, 0xffffffff);
      |     ^~~~~~~~~~~~~~
      |     data_init_scalar
vwsra_ww_i32_m.c:48:27: error: incompatible type for argument 1 of 'vwsra_ww_i32_m_golden'
   48 |     vwsra_ww_i32_m_golden(exp_mask,exp_maskoff,exp_a,exp_b,exp_result);
      |                           ^~~~~~~~
      |                           |
      |                           uint64_t * {aka long long unsigned int *}
vwsra_ww_i32_m.c:22:37: note: expected 'bool32_t' but argument is of type 'uint64_t *' {aka 'long long unsigned int *'}
   22 | void vwsra_ww_i32_m_golden(bool32_t mask,int16_t *maskoff,int32_t *a,uint32_t *b,int32_t *exp_result) {
      |                            ~~~~~~~~~^~~~
vwsra_ww_i32_m.c:51:5: note: use '-flax-vector-conversions' to permit conversions between vectors with differing element types or numbers of subparts
   51 |     result = vwsra_ww_i32_m(mask,maskoff,a,b);
      |     ^~~~~~
vwsra_ww_i32_m.c:51:29: error: incompatible type for argument 1 of 'vwsra_ww_i32_m'
   51 |     result = vwsra_ww_i32_m(mask,maskoff,a,b);
      |                             ^~~~
      |                             |
      |                             bool32_t
In file included from vwsra_ww_i32_m.c:4:
/opt/analog/riscv/1.0.0/Riscv/software/host/bin/gcc/lib/gcc/riscv32-rivai-elf/10.2.1/include/rivai_rugrats.h:1232:1: note: expected 'bool16_t' but argument is of type 'bool32_t'
 1232 | __RUGRATS_WW_OP (sra, i, int, uint, 32, 32, 16)
      | ^~~~~~~~~~~~~~~
vwsra_ww_i32_m.c:51:34: error: incompatible type for argument 2 of 'vwsra_ww_i32_m'
   51 |     result = vwsra_ww_i32_m(mask,maskoff,a,b);
      |                                  ^~~~~~~
      |                                  |
      |                                  int16x32_t
In file included from vwsra_ww_i32_m.c:4:
/opt/analog/riscv/1.0.0/Riscv/software/host/bin/gcc/lib/gcc/riscv32-rivai-elf/10.2.1/include/rivai_rugrats.h:1232:1: note: expected 'int32x16_t' but argument is of type 'int16x32_t'
 1232 | __RUGRATS_WW_OP (sra, i, int, uint, 32, 32, 16)
      | ^~~~~~~~~~~~~~~
vwsra_ww_i32_m.c:56:64: warning: format '%x' expects argument of type 'unsigned int', but argument 5 has type 'int32_t' {aka 'long int'} [-Wformat=]
   56 |             printf("Failed: result[%d] = %x, exp_result[%d] = %x\n", i, result[i], i, exp_result[i]);
      |                                                               ~^                      ~~~~~~~~~~~~~
      |                                                                |                                |
      |                                                                unsigned int                     int32_t {aka long int}
      |                                                               %lx
make[1]: *** [/home/test/workspace/risc-v/rivai/riscv-intrinsic-testing/bin/test/vwsra_ww_i32_m.o] Error 1
make: *** [bare] Error 2
======================================================================

 target	:	deccription
****************************
 bare	:	build application on baremental case. param: type=app-type app=app-name

 rbb	:	run bare-app on beak. (build it firstly if modified) param: APP_TYPE=type APP_NAME=app-name , bp=beak-param

 clean		:	delete objects generated by make
****************************

/home/test/workspace/risc-v/rivai/riscv-intrinsic-testing/scripts/gorun.sh /home/test/workspace/risc-v/rivai/riscv-intrinsic-testing/test "make -j4 APP_TYPE=test APP_NAME=vwsra_ww_i32_m"
~/workspace/risc-v/rivai/riscv-intrinsic-testing/test ~/workspace/risc-v/rivai/riscv-intrinsic-testing
make[1]: Entering directory '/home/test/workspace/risc-v/rivai/riscv-intrinsic-testing/test'
    CC vwsra_ww_i32_m.c
Makefile:73: recipe for target '/home/test/workspace/risc-v/rivai/riscv-intrinsic-testing/bin/test/vwsra_ww_i32_m.o' failed
make[1]: Leaving directory '/home/test/workspace/risc-v/rivai/riscv-intrinsic-testing/test'
Makefile:37: recipe for target 'bare' failed