vldcb2in0_v_i64_m.c:16:2: warning: multi-line comment [-Wcomment]
   16 |  //#define data_init_bool(a, b, n, threshold) \
      |  ^
vldcb2in0_v_i64_m.c:18:44: warning: backslash and newline separated by space
   18 |  #define data_init_scalar(a, b, threshold) \
      |                                             
vldcb2in0_v_i64_m.c:37:6: warning: no previous prototype for 'vldcb2in0_v_i64_m_golden' [-Wmissing-prototypes]
   37 | void vldcb2in0_v_i64_m_golden(uint64_t *mask,int64_t maskoff[2][8],int64_t *base,uint32_t imm,int64_t exp_result[][ELE_NUM]) {
      |      ^~~~~~~~~~~~~~~~~~~~~~~~
vldcb2in0_v_i64_m.c: In function 'vldcb2in0_v_i64_m_golden':
vldcb2in0_v_i64_m.c:37:41: warning: unused parameter 'mask' [-Wunused-parameter]
   37 | void vldcb2in0_v_i64_m_golden(uint64_t *mask,int64_t maskoff[2][8],int64_t *base,uint32_t imm,int64_t exp_result[][ELE_NUM]) {
      |                               ~~~~~~~~~~^~~~
vldcb2in0_v_i64_m.c:37:54: warning: unused parameter 'maskoff' [-Wunused-parameter]
   37 | void vldcb2in0_v_i64_m_golden(uint64_t *mask,int64_t maskoff[2][8],int64_t *base,uint32_t imm,int64_t exp_result[][ELE_NUM]) {
      |                                              ~~~~~~~~^~~~~~~~~~~~~
vldcb2in0_v_i64_m.c:37:91: warning: unused parameter 'imm' [-Wunused-parameter]
   37 | void vldcb2in0_v_i64_m_golden(uint64_t *mask,int64_t maskoff[2][8],int64_t *base,uint32_t imm,int64_t exp_result[][ELE_NUM]) {
      |                                                                                  ~~~~~~~~~^~~
vldcb2in0_v_i64_m.c: In function 'main':
vldcb2in0_v_i64_m.c:62:5: warning: implicit declaration of function 'data_init_bool'; did you mean 'data_init_scalar'? [-Wimplicit-function-declaration]
   62 |     data_init_bool(mask, exp_mask, 8, 0xffffffffffffffff);
      |     ^~~~~~~~~~~~~~
      |     data_init_scalar
vldcb2in0_v_i64_m.c:83:55: warning: format '%d' expects argument of type 'int', but argument 4 has type 'long long int' [-Wformat=]
   83 |                 printf("Failed: result.val[%d][%d] = %d, exp_result[%d][%d] = %d\n", i,j, result.val[i][j], i,j, exp_result[i][j]);
      |                                                      ~^                                   ~~~~~~~~~~~~~~~~
      |                                                       |                                                |
      |                                                       int                                              long long int
      |                                                      %lld
vldcb2in0_v_i64_m.c:83:80: warning: format '%d' expects argument of type 'int', but argument 7 has type 'int64_t' {aka 'long long int'} [-Wformat=]
   83 |                 printf("Failed: result.val[%d][%d] = %d, exp_result[%d][%d] = %d\n", i,j, result.val[i][j], i,j, exp_result[i][j]);
      |                                                                               ~^                                 ~~~~~~~~~~~~~~~~
      |                                                                                |                                              |
      |                                                                                int                                            int64_t {aka long long int}
      |                                                                               %lld
vldcb2in0_v_i64_m.c:53:14: warning: variable 'imm' set but not used [-Wunused-but-set-variable]
   53 |     uint32_t imm;
      |              ^~~
vldcb2in0_v_i64_m.c:62:5: warning: 'mask' is used uninitialized in this function [-Wuninitialized]
   62 |     data_init_bool(mask, exp_mask, 8, 0xffffffffffffffff);
      |     ^~~~~~~~~~~~~~~~~~~~~~~~~~~~~~~~~~~~~~~~~~~~~~~~~~~~~
vldcb2in0_v_i64_m.c:28:20: warning: iteration 2 invokes undefined behavior [-Waggressive-loop-optimizations]
   28 |        a.val[i][j] = random(threshold); \
      |                    ^
vldcb2in0_v_i64_m.c:63:5: note: in expansion of macro 'data_init_matrix'
   63 |     data_init_matrix(maskoff, exp_maskoff, 8, 2, 0xffffffffffffffff);
      |     ^~~~~~~~~~~~~~~~
vldcb2in0_v_i64_m.c:26:4: note: within this loop
   26 |    for(int i = 0; i < m; i++) { \
      |    ^~~
vldcb2in0_v_i64_m.c:63:5: note: in expansion of macro 'data_init_matrix'
   63 |     data_init_matrix(maskoff, exp_maskoff, 8, 2, 0xffffffffffffffff);
      |     ^~~~~~~~~~~~~~~~
during RTL pass: dse1
vldcb2in0_v_i64_m.c:99:1: internal compiler error: in smallest_mode_for_size, at stor-layout.c:356
   99 | }
      | ^
0xd029c7 smallest_mode_for_size(poly_int<1u, unsigned long>, mode_class)
	../../../riscv-gcc/gcc/stor-layout.c:356
0x7ed263 smallest_int_mode_for_size(poly_int<1u, unsigned long>)
	../../../riscv-gcc/gcc/machmode.h:879
0x7ed263 find_shift_sequence
	../../../riscv-gcc/gcc/dse.c:1731
0x7ed263 get_stored_val
	../../../riscv-gcc/gcc/dse.c:1875
0x7ed6e3 replace_read
	../../../riscv-gcc/gcc/dse.c:1980
0x17cf2df check_mem_read_rtx
	../../../riscv-gcc/gcc/dse.c:2262
0x17cf2df check_mem_read_use
	../../../riscv-gcc/gcc/dse.c:2368
0xcb6b6c note_uses(rtx_def**, void (*)(rtx_def**, void*), void*)
	../../../riscv-gcc/gcc/rtlanal.c:2030
0x17d086c scan_insn
	../../../riscv-gcc/gcc/dse.c:2477
0x17d086c dse_step1
	../../../riscv-gcc/gcc/dse.c:2742
0x17d086c rest_of_handle_dse
	../../../riscv-gcc/gcc/dse.c:3659
0x17d086c execute
	../../../riscv-gcc/gcc/dse.c:3720
Please submit a full bug report,
with preprocessed source if appropriate.
Please include the complete backtrace with any bug report.
See <https://gcc.gnu.org/bugs/> for instructions.
make[1]: *** [/home/test/workspace/risc-v/rivai/riscv-intrinsic-testing/bin/test/vldcb2in0_v_i64_m.o] Error 1
make: *** [bare] Error 2
======================================================================

 target	:	deccription
****************************
 bare	:	build application on baremental case. param: type=app-type app=app-name

 rbb	:	run bare-app on beak. (build it firstly if modified) param: APP_TYPE=type APP_NAME=app-name , bp=beak-param

 clean		:	delete objects generated by make
****************************

/home/test/workspace/risc-v/rivai/riscv-intrinsic-testing/scripts/gorun.sh /home/test/workspace/risc-v/rivai/riscv-intrinsic-testing/test "make -j4 APP_TYPE=test APP_NAME=vldcb2in0_v_i64_m"
~/workspace/risc-v/rivai/riscv-intrinsic-testing/test ~/workspace/risc-v/rivai/riscv-intrinsic-testing
make[1]: Entering directory '/home/test/workspace/risc-v/rivai/riscv-intrinsic-testing/test'
    CC vldcb2in0_v_i64_m.c
Makefile:73: recipe for target '/home/test/workspace/risc-v/rivai/riscv-intrinsic-testing/bin/test/vldcb2in0_v_i64_m.o' failed
make[1]: Leaving directory '/home/test/workspace/risc-v/rivai/riscv-intrinsic-testing/test'
Makefile:37: recipe for target 'bare' failed