vldcb2in0_v_i64.c:16:2: warning: multi-line comment [-Wcomment]
   16 |  //#define data_init_bool(a, b, n, threshold) \
      |  ^
vldcb2in0_v_i64.c:18:44: warning: backslash and newline separated by space
   18 |  #define data_init_scalar(a, b, threshold) \
      |                                             
vldcb2in0_v_i64.c:20:40: warning: backslash and newline separated by space
   20 |  #define data_init(a, b, n, threshold) \
      |                                         
vldcb2in0_v_i64.c:21:35: warning: backslash and newline separated by space
   21 |      for(int i = 0; i < n; i++) { \
      |                                    
vldcb2in0_v_i64.c:22:40: warning: backslash and newline separated by space
   22 |              a[i] = random(threshold); \
      |                                         
vldcb2in0_v_i64.c:23:27: warning: backslash and newline separated by space
   23 |              b[i] = a[i]; \
      |                            
vldcb2in0_v_i64.c:29:6: warning: no previous prototype for 'vldcb2in0_v_i64_golden' [-Wmissing-prototypes]
   29 | void vldcb2in0_v_i64_golden(int64_t *base,uint32_t *imm,int64_t exp_result[][ELE_NUM]) {
      |      ^~~~~~~~~~~~~~~~~~~~~~
vldcb2in0_v_i64.c: In function 'vldcb2in0_v_i64_golden':
vldcb2in0_v_i64.c:29:53: warning: unused parameter 'imm' [-Wunused-parameter]
   29 | void vldcb2in0_v_i64_golden(int64_t *base,uint32_t *imm,int64_t exp_result[][ELE_NUM]) {
      |                                           ~~~~~~~~~~^~~
vldcb2in0_v_i64.c: In function 'main':
vldcb2in0_v_i64.c:60:37: warning: passing argument 2 of 'vldcb2in0_v_i64_golden' makes pointer from integer without a cast [-Wint-conversion]
   60 |     vldcb2in0_v_i64_golden(exp_base,exp_imm,exp_result);
      |                                     ^~~~~~~
      |                                     |
      |                                     uint32_t {aka long unsigned int}
vldcb2in0_v_i64.c:29:53: note: expected 'uint32_t *' {aka 'long unsigned int *'} but argument is of type 'uint32_t' {aka 'long unsigned int'}
   29 | void vldcb2in0_v_i64_golden(int64_t *base,uint32_t *imm,int64_t exp_result[][ELE_NUM]) {
      |                                           ~~~~~~~~~~^~~
vldcb2in0_v_i64.c:60:45: warning: passing argument 3 of 'vldcb2in0_v_i64_golden' from incompatible pointer type [-Wincompatible-pointer-types]
   60 |     vldcb2in0_v_i64_golden(exp_base,exp_imm,exp_result);
      |                                             ^~~~~~~~~~
      |                                             |
      |                                             int64_t * {aka long long int *}
vldcb2in0_v_i64.c:29:65: note: expected 'int64_t (*)[8]' {aka 'long long int (*)[8]'} but argument is of type 'int64_t *' {aka 'long long int *'}
   29 | void vldcb2in0_v_i64_golden(int64_t *base,uint32_t *imm,int64_t exp_result[][ELE_NUM]) {
      |                                                         ~~~~~~~~^~~~~~~~~~~~~~~~~~~~~
vldcb2in0_v_i64.c:69:55: warning: format '%x' expects argument of type 'unsigned int', but argument 4 has type 'long long int' [-Wformat=]
   69 |                 printf("Failed: result.val[%d][%d] = %x, exp_result[%d] = %x\n", i,j, result.val[i][j], i*ELE_NUM+j, exp_result[i*ELE_NUM+j]);
      |                                                      ~^                               ~~~~~~~~~~~~~~~~
      |                                                       |                                            |
      |                                                       unsigned int                                 long long int
      |                                                      %llx
vldcb2in0_v_i64.c:69:76: warning: format '%x' expects argument of type 'unsigned int', but argument 6 has type 'int64_t' {aka 'long long int'} [-Wformat=]
   69 |                 printf("Failed: result.val[%d][%d] = %x, exp_result[%d] = %x\n", i,j, result.val[i][j], i*ELE_NUM+j, exp_result[i*ELE_NUM+j]);
      |                                                                           ~^                                         ~~~~~~~~~~~~~~~~~~~~~~~
      |                                                                            |                                                   |
      |                                                                            unsigned int                                        int64_t {aka long long int}
      |                                                                           %llx
vldcb2in0_v_i64.c:43:14: warning: variable 'imm' set but not used [-Wunused-but-set-variable]
   43 |     uint32_t imm;
      |              ^~~
during RTL pass: dse1
vldcb2in0_v_i64.c:85:1: internal compiler error: in smallest_mode_for_size, at stor-layout.c:356
   85 | }
      | ^
0xd07657 smallest_mode_for_size(poly_int<1u, unsigned long>, mode_class)
	../../../riscv-gcc/gcc/stor-layout.c:356
0x7f1f81 smallest_int_mode_for_size(poly_int<1u, unsigned long>)
	../../../riscv-gcc/gcc/machmode.h:879
0x7f1f81 find_shift_sequence
	../../../riscv-gcc/gcc/dse.c:1731
0x7f1f81 get_stored_val
	../../../riscv-gcc/gcc/dse.c:1875
0x7f2401 replace_read
	../../../riscv-gcc/gcc/dse.c:1980
0x17c3fcf check_mem_read_rtx
	../../../riscv-gcc/gcc/dse.c:2262
0x17c3fcf check_mem_read_use
	../../../riscv-gcc/gcc/dse.c:2368
0xcbb82c note_uses(rtx_def**, void (*)(rtx_def**, void*), void*)
	../../../riscv-gcc/gcc/rtlanal.c:2030
0x17c555c scan_insn
	../../../riscv-gcc/gcc/dse.c:2477
0x17c555c dse_step1
	../../../riscv-gcc/gcc/dse.c:2742
0x17c555c rest_of_handle_dse
	../../../riscv-gcc/gcc/dse.c:3659
0x17c555c execute
	../../../riscv-gcc/gcc/dse.c:3720
Please submit a full bug report,
with preprocessed source if appropriate.
Please include the complete backtrace with any bug report.
See <https://gcc.gnu.org/bugs/> for instructions.
make[1]: *** [/home/test/workspace/risc-v/rivai/riscv-intrinsic-testing/bin/test/vldcb2in0_v_i64.o] Error 1
make: *** [bare] Error 2
======================================================================

 target	:	deccription
****************************
 bare	:	build application on baremental case. param: type=app-type app=app-name

 rbb	:	run bare-app on beak. (build it firstly if modified) param: APP_TYPE=type APP_NAME=app-name , bp=beak-param

 clean		:	delete objects generated by make
****************************

/home/test/workspace/risc-v/rivai/riscv-intrinsic-testing/scripts/gorun.sh /home/test/workspace/risc-v/rivai/riscv-intrinsic-testing/test "make -j4 APP_TYPE=test APP_NAME=vldcb2in0_v_i64"
~/workspace/risc-v/rivai/riscv-intrinsic-testing/test ~/workspace/risc-v/rivai/riscv-intrinsic-testing
make[1]: Entering directory '/home/test/workspace/risc-v/rivai/riscv-intrinsic-testing/test'
    CC vldcb2in0_v_i64.c
Makefile:73: recipe for target '/home/test/workspace/risc-v/rivai/riscv-intrinsic-testing/bin/test/vldcb2in0_v_i64.o' failed
make[1]: Leaving directory '/home/test/workspace/risc-v/rivai/riscv-intrinsic-testing/test'
Makefile:37: recipe for target 'bare' failed