vwmacc_vv_u16_m.c:10:2: warning: multi-line comment [-Wcomment]
   10 |  //#define data_init_bool(a, b, n, threshold) \
      |  ^
vwmacc_vv_u16_m.c:12:44: warning: backslash and newline separated by space
   12 |  #define data_init_scalar(a, b, threshold) \
      |                                             
vwmacc_vv_u16_m.c:31:6: warning: no previous prototype for 'vwmacc_vv_u16_m_golden' [-Wmissing-prototypes]
   31 | void vwmacc_vv_u16_m_golden(uint64_t *mask,uint32_t a[2][16],uint16_t *b,uint16_t *c,uint32_t exp_result[][ELE_NUM]) {
      |      ^~~~~~~~~~~~~~~~~~~~~~
vwmacc_vv_u16_m.c: In function 'vwmacc_vv_u16_m_golden':
vwmacc_vv_u16_m.c:31:39: warning: unused parameter 'mask' [-Wunused-parameter]
   31 | void vwmacc_vv_u16_m_golden(uint64_t *mask,uint32_t a[2][16],uint16_t *b,uint16_t *c,uint32_t exp_result[][ELE_NUM]) {
      |                             ~~~~~~~~~~^~~~
vwmacc_vv_u16_m.c:31:53: warning: unused parameter 'a' [-Wunused-parameter]
   31 | void vwmacc_vv_u16_m_golden(uint64_t *mask,uint32_t a[2][16],uint16_t *b,uint16_t *c,uint32_t exp_result[][ELE_NUM]) {
      |                                            ~~~~~~~~~^~~~~~~~
vwmacc_vv_u16_m.c:31:72: warning: unused parameter 'b' [-Wunused-parameter]
   31 | void vwmacc_vv_u16_m_golden(uint64_t *mask,uint32_t a[2][16],uint16_t *b,uint16_t *c,uint32_t exp_result[][ELE_NUM]) {
      |                                                              ~~~~~~~~~~^
vwmacc_vv_u16_m.c:31:84: warning: unused parameter 'c' [-Wunused-parameter]
   31 | void vwmacc_vv_u16_m_golden(uint64_t *mask,uint32_t a[2][16],uint16_t *b,uint16_t *c,uint32_t exp_result[][ELE_NUM]) {
      |                                                                          ~~~~~~~~~~^
vwmacc_vv_u16_m.c:31:95: warning: unused parameter 'exp_result' [-Wunused-parameter]
   31 | void vwmacc_vv_u16_m_golden(uint64_t *mask,uint32_t a[2][16],uint16_t *b,uint16_t *c,uint32_t exp_result[][ELE_NUM]) {
      |                                                                                      ~~~~~~~~~^~~~~~~~~~~~~~~~~~~~~
vwmacc_vv_u16_m.c: In function 'main':
vwmacc_vv_u16_m.c:50:5: warning: implicit declaration of function 'data_init_bool'; did you mean 'data_init_scalar'? [-Wimplicit-function-declaration]
   50 |     data_init_bool(mask, exp_mask, 32, 0xffff);
      |     ^~~~~~~~~~~~~~
      |     data_init_scalar
vwmacc_vv_u16_m.c:56:55: warning: passing argument 5 of 'vwmacc_vv_u16_m_golden' from incompatible pointer type [-Wincompatible-pointer-types]
   56 |     vwmacc_vv_u16_m_golden(exp_mask,exp_a,exp_b,exp_c,exp_result);
      |                                                       ^~~~~~~~~~
      |                                                       |
      |                                                       uint32_t (*)[16] {aka long unsigned int (*)[16]}
vwmacc_vv_u16_m.c:31:95: note: expected 'uint32_t (*)[32]' {aka 'long unsigned int (*)[32]'} but argument is of type 'uint32_t (*)[16]' {aka 'long unsigned int (*)[16]'}
   31 | void vwmacc_vv_u16_m_golden(uint64_t *mask,uint32_t a[2][16],uint16_t *b,uint16_t *c,uint32_t exp_result[][ELE_NUM]) {
      |                                                                                      ~~~~~~~~~^~~~~~~~~~~~~~~~~~~~~
vwmacc_vv_u16_m.c:65:80: warning: format '%d' expects argument of type 'int', but argument 7 has type 'uint32_t' {aka 'long unsigned int'} [-Wformat=]
   65 |                 printf("Failed: result.val[%d][%d] = %d, exp_result[%d][%d] = %d\n", i,j, result.val[i][j], i,j, exp_result[i][j]);
      |                                                                               ~^                                 ~~~~~~~~~~~~~~~~
      |                                                                                |                                              |
      |                                                                                int                                            uint32_t {aka long unsigned int}
      |                                                                               %ld
vwmacc_vv_u16_m.c:50:5: warning: 'mask' is used uninitialized in this function [-Wuninitialized]
   50 |     data_init_bool(mask, exp_mask, 32, 0xffff);
      |     ^~~~~~~~~~~~~~~~~~~~~~~~~~~~~~~~~~~~~~~~~~
vwmacc_vv_u16_m.c:64:29: warning: iteration 16 invokes undefined behavior [-Waggressive-loop-optimizations]
   64 |             if(exp_result[i][j] != result.val[i][j]) {
      |                ~~~~~~~~~~~~~^~~
vwmacc_vv_u16_m.c:63:9: note: within this loop
   63 |         for(int j = 0; j < ELE_NUM; j++) {
      |         ^~~
vwmacc_vv_u16_m.c:22:20: warning: iteration 2 invokes undefined behavior [-Waggressive-loop-optimizations]
   22 |        a.val[i][j] = random(threshold); \
      |                    ^
vwmacc_vv_u16_m.c:51:5: note: in expansion of macro 'data_init_matrix'
   51 |     data_init_matrix(a, exp_a, 16, 2, 0xffffffff);
      |     ^~~~~~~~~~~~~~~~
vwmacc_vv_u16_m.c:20:4: note: within this loop
   20 |    for(int i = 0; i < m; i++) { \
      |    ^~~
vwmacc_vv_u16_m.c:51:5: note: in expansion of macro 'data_init_matrix'
   51 |     data_init_matrix(a, exp_a, 16, 2, 0xffffffff);
      |     ^~~~~~~~~~~~~~~~
/opt/analog/riscv/1.0.1/Riscv/software/host/bin/gcc/bin/../lib/gcc/riscv32-rivai-elf/10.2.1/../../../../riscv32-rivai-elf/bin/ld: /home/test/workspace/risc-v/rivai/riscv-intrinsic-testing/bin/test/vwmacc_vv_u16_m.o: in function `main':
/home/test/workspace/risc-v/rivai/riscv-intrinsic-testing/test/vwmacc_vv_u16_m.c:50: undefined reference to `data_init_bool'
collect2: error: ld returned 1 exit status
make[1]: *** [/home/test/workspace/risc-v/rivai/riscv-intrinsic-testing/bin/test/vwmacc_vv_u16_m.elf] Error 1
make: *** [bare] Error 2
======================================================================

 target	:	deccription
****************************
 bare	:	build application on baremental case. param: type=app-type app=app-name

 rbb	:	run bare-app on beak. (build it firstly if modified) param: APP_TYPE=type APP_NAME=app-name , bp=beak-param

 clean		:	delete objects generated by make
****************************

/home/test/workspace/risc-v/rivai/riscv-intrinsic-testing/scripts/gorun.sh /home/test/workspace/risc-v/rivai/riscv-intrinsic-testing/test "make -j4 APP_TYPE=test APP_NAME=vwmacc_vv_u16_m"
~/workspace/risc-v/rivai/riscv-intrinsic-testing/test ~/workspace/risc-v/rivai/riscv-intrinsic-testing
make[1]: Entering directory '/home/test/workspace/risc-v/rivai/riscv-intrinsic-testing/test'
    CC vwmacc_vv_u16_m.c
Linking....
/opt/analog/riscv/1.0.1/Riscv/software/host/bin/gcc/bin/riscv32-rivai-elf-gcc -o /home/test/workspace/risc-v/rivai/riscv-intrinsic-testing/bin/test/vwmacc_vv_u16_m.elf /home/test/workspace/risc-v/rivai/riscv-intrinsic-testing/bin/test/vwmacc_vv_u16_m.o -T/opt/analog/riscv/1.0.1/Riscv/software/target/bare/link.ld -nostartfiles -static -nostdlib -L/opt/analog/riscv/1.0.1/Riscv/software/target/common/lib/ -ldsp -lbare -lm -lc -lgcc
Makefile:85: recipe for target '/home/test/workspace/risc-v/rivai/riscv-intrinsic-testing/bin/test/vwmacc_vv_u16_m.elf' failed
make[1]: Leaving directory '/home/test/workspace/risc-v/rivai/riscv-intrinsic-testing/test'
Makefile:37: recipe for target 'bare' failed