vwnmsac_vv_i16_m.c:10:2: warning: multi-line comment [-Wcomment]
   10 |  //#define data_init_bool(a, b, n, threshold) \
      |  ^
vwnmsac_vv_i16_m.c:12:44: warning: backslash and newline separated by space
   12 |  #define data_init_scalar(a, b, threshold) \
      |                                             
vwnmsac_vv_i16_m.c:31:6: warning: no previous prototype for 'vwnmsac_vv_i16_m_golden' [-Wmissing-prototypes]
   31 | void vwnmsac_vv_i16_m_golden(uint64_t *mask,int32_t a[2][16],int16_t *b,int16_t *c,int32_t exp_result[][ELE_NUM]) {
      |      ^~~~~~~~~~~~~~~~~~~~~~~
vwnmsac_vv_i16_m.c: In function 'vwnmsac_vv_i16_m_golden':
vwnmsac_vv_i16_m.c:31:40: warning: unused parameter 'mask' [-Wunused-parameter]
   31 | void vwnmsac_vv_i16_m_golden(uint64_t *mask,int32_t a[2][16],int16_t *b,int16_t *c,int32_t exp_result[][ELE_NUM]) {
      |                              ~~~~~~~~~~^~~~
vwnmsac_vv_i16_m.c:31:53: warning: unused parameter 'a' [-Wunused-parameter]
   31 | void vwnmsac_vv_i16_m_golden(uint64_t *mask,int32_t a[2][16],int16_t *b,int16_t *c,int32_t exp_result[][ELE_NUM]) {
      |                                             ~~~~~~~~^~~~~~~~
vwnmsac_vv_i16_m.c:31:71: warning: unused parameter 'b' [-Wunused-parameter]
   31 | void vwnmsac_vv_i16_m_golden(uint64_t *mask,int32_t a[2][16],int16_t *b,int16_t *c,int32_t exp_result[][ELE_NUM]) {
      |                                                              ~~~~~~~~~^
vwnmsac_vv_i16_m.c:31:82: warning: unused parameter 'c' [-Wunused-parameter]
   31 | void vwnmsac_vv_i16_m_golden(uint64_t *mask,int32_t a[2][16],int16_t *b,int16_t *c,int32_t exp_result[][ELE_NUM]) {
      |                                                                         ~~~~~~~~~^
vwnmsac_vv_i16_m.c:31:92: warning: unused parameter 'exp_result' [-Wunused-parameter]
   31 | void vwnmsac_vv_i16_m_golden(uint64_t *mask,int32_t a[2][16],int16_t *b,int16_t *c,int32_t exp_result[][ELE_NUM]) {
      |                                                                                    ~~~~~~~~^~~~~~~~~~~~~~~~~~~~~
vwnmsac_vv_i16_m.c: In function 'main':
vwnmsac_vv_i16_m.c:50:5: warning: implicit declaration of function 'data_init_bool'; did you mean 'data_init_scalar'? [-Wimplicit-function-declaration]
   50 |     data_init_bool(mask, exp_mask, 32, 0xffff);
      |     ^~~~~~~~~~~~~~
      |     data_init_scalar
vwnmsac_vv_i16_m.c:56:56: warning: passing argument 5 of 'vwnmsac_vv_i16_m_golden' from incompatible pointer type [-Wincompatible-pointer-types]
   56 |     vwnmsac_vv_i16_m_golden(exp_mask,exp_a,exp_b,exp_c,exp_result);
      |                                                        ^~~~~~~~~~
      |                                                        |
      |                                                        int32_t (*)[16] {aka long int (*)[16]}
vwnmsac_vv_i16_m.c:31:92: note: expected 'int32_t (*)[32]' {aka 'long int (*)[32]'} but argument is of type 'int32_t (*)[16]' {aka 'long int (*)[16]'}
   31 | void vwnmsac_vv_i16_m_golden(uint64_t *mask,int32_t a[2][16],int16_t *b,int16_t *c,int32_t exp_result[][ELE_NUM]) {
      |                                                                                    ~~~~~~~~^~~~~~~~~~~~~~~~~~~~~
vwnmsac_vv_i16_m.c:65:80: warning: format '%d' expects argument of type 'int', but argument 7 has type 'int32_t' {aka 'long int'} [-Wformat=]
   65 |                 printf("Failed: result.val[%d][%d] = %d, exp_result[%d][%d] = %d\n", i,j, result.val[i][j], i,j, exp_result[i][j]);
      |                                                                               ~^                                 ~~~~~~~~~~~~~~~~
      |                                                                                |                                              |
      |                                                                                int                                            int32_t {aka long int}
      |                                                                               %ld
vwnmsac_vv_i16_m.c:50:5: warning: 'mask' is used uninitialized in this function [-Wuninitialized]
   50 |     data_init_bool(mask, exp_mask, 32, 0xffff);
      |     ^~~~~~~~~~~~~~~~~~~~~~~~~~~~~~~~~~~~~~~~~~
vwnmsac_vv_i16_m.c:64:29: warning: iteration 16 invokes undefined behavior [-Waggressive-loop-optimizations]
   64 |             if(exp_result[i][j] != result.val[i][j]) {
      |                ~~~~~~~~~~~~~^~~
vwnmsac_vv_i16_m.c:63:9: note: within this loop
   63 |         for(int j = 0; j < ELE_NUM; j++) {
      |         ^~~
vwnmsac_vv_i16_m.c:22:20: warning: iteration 2 invokes undefined behavior [-Waggressive-loop-optimizations]
   22 |        a.val[i][j] = random(threshold); \
      |                    ^
vwnmsac_vv_i16_m.c:51:5: note: in expansion of macro 'data_init_matrix'
   51 |     data_init_matrix(a, exp_a, 16, 2, 0xffffffff);
      |     ^~~~~~~~~~~~~~~~
vwnmsac_vv_i16_m.c:20:4: note: within this loop
   20 |    for(int i = 0; i < m; i++) { \
      |    ^~~
vwnmsac_vv_i16_m.c:51:5: note: in expansion of macro 'data_init_matrix'
   51 |     data_init_matrix(a, exp_a, 16, 2, 0xffffffff);
      |     ^~~~~~~~~~~~~~~~
/tmp/cc1VaiPb.s: Assembler messages:
/tmp/cc1VaiPb.s:303: Error: junk at end of line, first unrecognized character is `&'
make[1]: *** [/home/test/workspace/risc-v/rivai/riscv-intrinsic-testing/bin/test/vwnmsac_vv_i16_m.o] Error 1
make: *** [bare] Error 2
======================================================================

 target	:	deccription
****************************
 bare	:	build application on baremental case. param: type=app-type app=app-name

 rbb	:	run bare-app on beak. (build it firstly if modified) param: APP_TYPE=type APP_NAME=app-name , bp=beak-param

 clean		:	delete objects generated by make
****************************

/home/test/workspace/risc-v/rivai/riscv-intrinsic-testing/scripts/gorun.sh /home/test/workspace/risc-v/rivai/riscv-intrinsic-testing/test "make -j4 APP_TYPE=test APP_NAME=vwnmsac_vv_i16_m"
~/workspace/risc-v/rivai/riscv-intrinsic-testing/test ~/workspace/risc-v/rivai/riscv-intrinsic-testing
make[1]: Entering directory '/home/test/workspace/risc-v/rivai/riscv-intrinsic-testing/test'
    CC vwnmsac_vv_i16_m.c
Makefile:73: recipe for target '/home/test/workspace/risc-v/rivai/riscv-intrinsic-testing/bin/test/vwnmsac_vv_i16_m.o' failed
make[1]: Leaving directory '/home/test/workspace/risc-v/rivai/riscv-intrinsic-testing/test'
Makefile:37: recipe for target 'bare' failed