vgather_vv_u16.c:9:2: warning: multi-line comment [-Wcomment]
    9 |  //#define data_init_bool(a, b, n, threshold) \
      |  ^
vgather_vv_u16.c:11:44: warning: backslash and newline separated by space
   11 |  #define data_init_scalar(a, b, threshold) \
      |                                             
vgather_vv_u16.c:30:6: warning: no previous prototype for 'vgather_vv_u16_golden' [-Wmissing-prototypes]
   30 | void vgather_vv_u16_golden(uint16_t *a,uint16_t *b,uint16_t *exp_result) {
      |      ^~~~~~~~~~~~~~~~~~~~~
vgather_vv_u16.c: In function 'vgather_vv_u16_golden':
vgather_vv_u16.c:31:1: error: unknown type name 'Operator'
   31 | Operator Line --- TODO
      | ^~~~~~~~
vgather_vv_u16.c:31:15: error: expected '=', ',', ';', 'asm' or '__attribute__' before '--' token
   31 | Operator Line --- TODO
      |               ^~
vgather_vv_u16.c:35:5: warning: 'main' is normally a non-static function [-Wmain]
   35 | int main(void) {
      |     ^~~~
vgather_vv_u16.c: In function 'main':
vgather_vv_u16.c:37:17: warning: declaration of 'a' shadows a parameter [-Wshadow]
   37 |     uint16x32_t a;
      |                 ^
vgather_vv_u16.c:30:38: note: shadowed declaration is here
   30 | void vgather_vv_u16_golden(uint16_t *a,uint16_t *b,uint16_t *exp_result) {
      |                            ~~~~~~~~~~^
vgather_vv_u16.c:38:17: warning: declaration of 'b' shadows a parameter [-Wshadow]
   38 |     uint16x32_t b;
      |                 ^
vgather_vv_u16.c:30:50: note: shadowed declaration is here
   30 | void vgather_vv_u16_golden(uint16_t *a,uint16_t *b,uint16_t *exp_result) {
      |                                        ~~~~~~~~~~^
vgather_vv_u16.c:43:14: warning: declaration of 'exp_result' shadows a parameter [-Wshadow]
   43 |     uint16_t exp_result[32] = {0};
      |              ^~~~~~~~~~
vgather_vv_u16.c:30:62: note: shadowed declaration is here
   30 | void vgather_vv_u16_golden(uint16_t *a,uint16_t *b,uint16_t *exp_result) {
      |                                                    ~~~~~~~~~~^~~~~~~~~~
vgather_vv_u16.c: In function 'vgather_vv_u16_golden':
vgather_vv_u16.c:72:1: error: expected declaration or statement at end of input
   72 | }
      | ^
vgather_vv_u16.c:30:38: warning: unused parameter 'a' [-Wunused-parameter]
   30 | void vgather_vv_u16_golden(uint16_t *a,uint16_t *b,uint16_t *exp_result) {
      |                            ~~~~~~~~~~^
vgather_vv_u16.c:30:50: warning: unused parameter 'b' [-Wunused-parameter]
   30 | void vgather_vv_u16_golden(uint16_t *a,uint16_t *b,uint16_t *exp_result) {
      |                                        ~~~~~~~~~~^
vgather_vv_u16.c:30:62: warning: unused parameter 'exp_result' [-Wunused-parameter]
   30 | void vgather_vv_u16_golden(uint16_t *a,uint16_t *b,uint16_t *exp_result) {
      |                                                    ~~~~~~~~~~^~~~~~~~~~
At top level:
vgather_vv_u16.c:35:5: warning: 'main' defined but not used [-Wunused-function]
   35 | int main(void) {
      |     ^~~~
make[1]: *** [/home/test/workspace/risc-v/rivai/riscv-intrinsic-testing/bin/test/vgather_vv_u16.o] Error 1
make: *** [bare] Error 2
======================================================================

 target	:	deccription
****************************
 bare	:	build application on baremental case. param: type=app-type app=app-name

 rbb	:	run bare-app on beak. (build it firstly if modified) param: APP_TYPE=type APP_NAME=app-name , bp=beak-param

 clean		:	delete objects generated by make
****************************

/home/test/workspace/risc-v/rivai/riscv-intrinsic-testing/scripts/gorun.sh /home/test/workspace/risc-v/rivai/riscv-intrinsic-testing/test "make -j4 APP_TYPE=test APP_NAME=vgather_vv_u16"
~/workspace/risc-v/rivai/riscv-intrinsic-testing/test ~/workspace/risc-v/rivai/riscv-intrinsic-testing
make[1]: Entering directory '/home/test/workspace/risc-v/rivai/riscv-intrinsic-testing/test'
    CC vgather_vv_u16.c
Makefile:73: recipe for target '/home/test/workspace/risc-v/rivai/riscv-intrinsic-testing/bin/test/vgather_vv_u16.o' failed
make[1]: Leaving directory '/home/test/workspace/risc-v/rivai/riscv-intrinsic-testing/test'
Makefile:37: recipe for target 'bare' failed