vsmulhq_vx_i32_m.c:9:2: warning: multi-line comment [-Wcomment]
    9 |  //#define data_init_bool(a, b, n, threshold) \
      |  ^
vsmulhq_vx_i32_m.c:11:44: warning: backslash and newline separated by space
   11 |  #define data_init_scalar(a, b, threshold) \
      |                                             
vsmulhq_vx_i32_m.c:30:6: warning: no previous prototype for 'vsmulhq_vx_i32_m_golden' [-Wmissing-prototypes]
   30 | void vsmulhq_vx_i32_m_golden(uint64_t *mask,int32_t *maskoff,int32_t *a,int32_t b,int32_t *exp_result) {
      |      ^~~~~~~~~~~~~~~~~~~~~~~
vsmulhq_vx_i32_m.c: In function 'vsmulhq_vx_i32_m_golden':
vsmulhq_vx_i32_m.c:32:25: error: 'TODO' undeclared (first use in this function)
   32 |         exp_result[i] = TODO;
      |                         ^~~~
vsmulhq_vx_i32_m.c:32:25: note: each undeclared identifier is reported only once for each function it appears in
vsmulhq_vx_i32_m.c:30:40: warning: unused parameter 'mask' [-Wunused-parameter]
   30 | void vsmulhq_vx_i32_m_golden(uint64_t *mask,int32_t *maskoff,int32_t *a,int32_t b,int32_t *exp_result) {
      |                              ~~~~~~~~~~^~~~
vsmulhq_vx_i32_m.c:30:54: warning: unused parameter 'maskoff' [-Wunused-parameter]
   30 | void vsmulhq_vx_i32_m_golden(uint64_t *mask,int32_t *maskoff,int32_t *a,int32_t b,int32_t *exp_result) {
      |                                             ~~~~~~~~~^~~~~~~
vsmulhq_vx_i32_m.c:30:71: warning: unused parameter 'a' [-Wunused-parameter]
   30 | void vsmulhq_vx_i32_m_golden(uint64_t *mask,int32_t *maskoff,int32_t *a,int32_t b,int32_t *exp_result) {
      |                                                              ~~~~~~~~~^
vsmulhq_vx_i32_m.c:30:81: warning: unused parameter 'b' [-Wunused-parameter]
   30 | void vsmulhq_vx_i32_m_golden(uint64_t *mask,int32_t *maskoff,int32_t *a,int32_t b,int32_t *exp_result) {
      |                                                                         ~~~~~~~~^
vsmulhq_vx_i32_m.c: In function 'main':
vsmulhq_vx_i32_m.c:52:5: warning: implicit declaration of function 'data_init_bool'; did you mean 'data_init_scalar'? [-Wimplicit-function-declaration]
   52 |     data_init_bool(mask, exp_mask, 16, 0xffffffff);
      |     ^~~~~~~~~~~~~~
      |     data_init_scalar
vsmulhq_vx_i32_m.c:66:64: warning: format '%x' expects argument of type 'unsigned int', but argument 5 has type 'int32_t' {aka 'long int'} [-Wformat=]
   66 |             printf("Failed: result[%d] = %x, exp_result[%d] = %x\n", i, result[i], i, exp_result[i]);
      |                                                               ~^                      ~~~~~~~~~~~~~
      |                                                                |                                |
      |                                                                unsigned int                     int32_t {aka long int}
      |                                                               %lx
make[1]: *** [/home/test/workspace/risc-v/rivai/riscv-intrinsic-testing/bin/test/vsmulhq_vx_i32_m.o] Error 1
make: *** [bare] Error 2
======================================================================

 target	:	deccription
****************************
 bare	:	build application on baremental case. param: type=app-type app=app-name

 rbb	:	run bare-app on beak. (build it firstly if modified) param: APP_TYPE=type APP_NAME=app-name , bp=beak-param

 clean		:	delete objects generated by make
****************************

/home/test/workspace/risc-v/rivai/riscv-intrinsic-testing/scripts/gorun.sh /home/test/workspace/risc-v/rivai/riscv-intrinsic-testing/test "make -j4 APP_TYPE=test APP_NAME=vsmulhq_vx_i32_m"
~/workspace/risc-v/rivai/riscv-intrinsic-testing/test ~/workspace/risc-v/rivai/riscv-intrinsic-testing
make[1]: Entering directory '/home/test/workspace/risc-v/rivai/riscv-intrinsic-testing/test'
    CC vsmulhq_vx_i32_m.c
Makefile:73: recipe for target '/home/test/workspace/risc-v/rivai/riscv-intrinsic-testing/bin/test/vsmulhq_vx_i32_m.o' failed
make[1]: Leaving directory '/home/test/workspace/risc-v/rivai/riscv-intrinsic-testing/test'
Makefile:37: recipe for target 'bare' failed