vwssub_ww_u32_m.c:9:2: warning: multi-line comment [-Wcomment]
    9 |  //#define data_init_bool(a, b, n, threshold) \
      |  ^
vwssub_ww_u32_m.c:11:44: warning: backslash and newline separated by space
   11 |  #define data_init_scalar(a, b, threshold) \
      |                                             
vwssub_ww_u32_m.c:13:40: warning: backslash and newline separated by space
   13 |  #define data_init(a, b, n, threshold) \
      |                                         
vwssub_ww_u32_m.c:14:35: warning: backslash and newline separated by space
   14 |      for(int i = 0; i < n; i++) { \
      |                                    
vwssub_ww_u32_m.c:15:40: warning: backslash and newline separated by space
   15 |              a[i] = random(threshold); \
      |                                         
vwssub_ww_u32_m.c:16:27: warning: backslash and newline separated by space
   16 |              b[i] = a[i]; \
      |                            
vwssub_ww_u32_m.c:22:6: warning: no previous prototype for 'vwssub_ww_u32_m_golden' [-Wmissing-prototypes]
   22 | void vwssub_ww_u32_m_golden(bool16_t mask,uint32_t *maskoff,uint32_t *a,uint32_t *b,uint32_t *exp_result) {
      |      ^~~~~~~~~~~~~~~~~~~~~~
vwssub_ww_u32_m.c: In function 'vwssub_ww_u32_m_golden':
vwssub_ww_u32_m.c:24:25: error: 'TODO' undeclared (first use in this function)
   24 |         exp_result[i] = TODO;
      |                         ^~~~
vwssub_ww_u32_m.c:24:25: note: each undeclared identifier is reported only once for each function it appears in
vwssub_ww_u32_m.c:22:38: warning: unused parameter 'mask' [-Wunused-parameter]
   22 | void vwssub_ww_u32_m_golden(bool16_t mask,uint32_t *maskoff,uint32_t *a,uint32_t *b,uint32_t *exp_result) {
      |                             ~~~~~~~~~^~~~
vwssub_ww_u32_m.c:22:53: warning: unused parameter 'maskoff' [-Wunused-parameter]
   22 | void vwssub_ww_u32_m_golden(bool16_t mask,uint32_t *maskoff,uint32_t *a,uint32_t *b,uint32_t *exp_result) {
      |                                           ~~~~~~~~~~^~~~~~~
vwssub_ww_u32_m.c:22:71: warning: unused parameter 'a' [-Wunused-parameter]
   22 | void vwssub_ww_u32_m_golden(bool16_t mask,uint32_t *maskoff,uint32_t *a,uint32_t *b,uint32_t *exp_result) {
      |                                                             ~~~~~~~~~~^
vwssub_ww_u32_m.c:22:83: warning: unused parameter 'b' [-Wunused-parameter]
   22 | void vwssub_ww_u32_m_golden(bool16_t mask,uint32_t *maskoff,uint32_t *a,uint32_t *b,uint32_t *exp_result) {
      |                                                                         ~~~~~~~~~~^
vwssub_ww_u32_m.c: In function 'main':
vwssub_ww_u32_m.c:42:5: warning: implicit declaration of function 'data_init_bool'; did you mean 'data_init_scalar'? [-Wimplicit-function-declaration]
   42 |     data_init_bool(mask, exp_mask, 16, 0xffffffff);
      |     ^~~~~~~~~~~~~~
      |     data_init_scalar
vwssub_ww_u32_m.c:48:28: error: incompatible type for argument 1 of 'vwssub_ww_u32_m_golden'
   48 |     vwssub_ww_u32_m_golden(exp_mask,exp_maskoff,exp_a,exp_b,exp_result);
      |                            ^~~~~~~~
      |                            |
      |                            uint64_t * {aka long long unsigned int *}
vwssub_ww_u32_m.c:22:38: note: expected 'bool16_t' but argument is of type 'uint64_t *' {aka 'long long unsigned int *'}
   22 | void vwssub_ww_u32_m_golden(bool16_t mask,uint32_t *maskoff,uint32_t *a,uint32_t *b,uint32_t *exp_result) {
      |                             ~~~~~~~~~^~~~
vwssub_ww_u32_m.c:56:64: warning: format '%x' expects argument of type 'unsigned int', but argument 5 has type 'uint32_t' {aka 'long unsigned int'} [-Wformat=]
   56 |             printf("Failed: result[%d] = %x, exp_result[%d] = %x\n", i, result[i], i, exp_result[i]);
      |                                                               ~^                      ~~~~~~~~~~~~~
      |                                                                |                                |
      |                                                                unsigned int                     uint32_t {aka long unsigned int}
      |                                                               %lx
make[1]: *** [/home/test/workspace/risc-v/rivai/riscv-intrinsic-testing/bin/test/vwssub_ww_u32_m.o] Error 1
make: *** [bare] Error 2
======================================================================

 target	:	deccription
****************************
 bare	:	build application on baremental case. param: type=app-type app=app-name

 rbb	:	run bare-app on beak. (build it firstly if modified) param: APP_TYPE=type APP_NAME=app-name , bp=beak-param

 clean		:	delete objects generated by make
****************************

/home/test/workspace/risc-v/rivai/riscv-intrinsic-testing/scripts/gorun.sh /home/test/workspace/risc-v/rivai/riscv-intrinsic-testing/test "make -j4 APP_TYPE=test APP_NAME=vwssub_ww_u32_m"
~/workspace/risc-v/rivai/riscv-intrinsic-testing/test ~/workspace/risc-v/rivai/riscv-intrinsic-testing
make[1]: Entering directory '/home/test/workspace/risc-v/rivai/riscv-intrinsic-testing/test'
    CC vwssub_ww_u32_m.c
Makefile:73: recipe for target '/home/test/workspace/risc-v/rivai/riscv-intrinsic-testing/bin/test/vwssub_ww_u32_m.o' failed
make[1]: Leaving directory '/home/test/workspace/risc-v/rivai/riscv-intrinsic-testing/test'
Makefile:37: recipe for target 'bare' failed