vrdotp_vv_u32_m1.c:9:2: warning: multi-line comment [-Wcomment]
    9 |  //#define data_init_bool(a, b, n, threshold) \
      |  ^
vrdotp_vv_u32_m1.c:11:44: warning: backslash and newline separated by space
   11 |  #define data_init_scalar(a, b, threshold) \
      |                                             
vrdotp_vv_u32_m1.c:30:6: warning: no previous prototype for 'vrdotp_vv_u32_m1_golden' [-Wmissing-prototypes]
   30 | void vrdotp_vv_u32_m1_golden(uint64_t *mask,uint32_t *a,uint32_t *b,uint32_t *c,uint32_t *exp_result) {
      |      ^~~~~~~~~~~~~~~~~~~~~~~
vrdotp_vv_u32_m1.c: In function 'vrdotp_vv_u32_m1_golden':
vrdotp_vv_u32_m1.c:31:1: error: unknown type name 'Operator'
   31 | Operator Line --- TODO
      | ^~~~~~~~
vrdotp_vv_u32_m1.c:31:15: error: expected '=', ',', ';', 'asm' or '__attribute__' before '--' token
   31 | Operator Line --- TODO
      |               ^~
vrdotp_vv_u32_m1.c:35:5: warning: 'main' is normally a non-static function [-Wmain]
   35 | int main(void) {
      |     ^~~~
vrdotp_vv_u32_m1.c: In function 'main':
vrdotp_vv_u32_m1.c:37:14: warning: declaration of 'mask' shadows a parameter [-Wshadow]
   37 |     bool16_t mask;
      |              ^~~~
vrdotp_vv_u32_m1.c:30:40: note: shadowed declaration is here
   30 | void vrdotp_vv_u32_m1_golden(uint64_t *mask,uint32_t *a,uint32_t *b,uint32_t *c,uint32_t *exp_result) {
      |                              ~~~~~~~~~~^~~~
vrdotp_vv_u32_m1.c:38:17: warning: declaration of 'a' shadows a parameter [-Wshadow]
   38 |     uint32x16_t a;
      |                 ^
vrdotp_vv_u32_m1.c:30:55: note: shadowed declaration is here
   30 | void vrdotp_vv_u32_m1_golden(uint64_t *mask,uint32_t *a,uint32_t *b,uint32_t *c,uint32_t *exp_result) {
      |                                             ~~~~~~~~~~^
vrdotp_vv_u32_m1.c:39:17: warning: declaration of 'b' shadows a parameter [-Wshadow]
   39 |     uint32x16_t b;
      |                 ^
vrdotp_vv_u32_m1.c:30:67: note: shadowed declaration is here
   30 | void vrdotp_vv_u32_m1_golden(uint64_t *mask,uint32_t *a,uint32_t *b,uint32_t *c,uint32_t *exp_result) {
      |                                                         ~~~~~~~~~~^
vrdotp_vv_u32_m1.c:40:17: warning: declaration of 'c' shadows a parameter [-Wshadow]
   40 |     uint32x16_t c;
      |                 ^
vrdotp_vv_u32_m1.c:30:79: note: shadowed declaration is here
   30 | void vrdotp_vv_u32_m1_golden(uint64_t *mask,uint32_t *a,uint32_t *b,uint32_t *c,uint32_t *exp_result) {
      |                                                                     ~~~~~~~~~~^
vrdotp_vv_u32_m1.c:47:14: warning: declaration of 'exp_result' shadows a parameter [-Wshadow]
   47 |     uint32_t exp_result[16] = {0};
      |              ^~~~~~~~~~
vrdotp_vv_u32_m1.c:30:91: note: shadowed declaration is here
   30 | void vrdotp_vv_u32_m1_golden(uint64_t *mask,uint32_t *a,uint32_t *b,uint32_t *c,uint32_t *exp_result) {
      |                                                                                 ~~~~~~~~~~^~~~~~~~~~
vrdotp_vv_u32_m1.c:49:5: warning: implicit declaration of function 'data_init_bool'; did you mean 'data_init_scalar'? [-Wimplicit-function-declaration]
   49 |     data_init_bool(mask, exp_mask, 16, 0xffffffff);
      |     ^~~~~~~~~~~~~~
      |     data_init_scalar
vrdotp_vv_u32_m1.c:63:64: warning: format '%x' expects argument of type 'unsigned int', but argument 5 has type 'uint32_t' {aka 'long unsigned int'} [-Wformat=]
   63 |             printf("Failed: result[%d] = %x, exp_result[%d] = %x\n", i, result[i], i, exp_result[i]);
      |                                                               ~^                      ~~~~~~~~~~~~~
      |                                                                |                                |
      |                                                                unsigned int                     uint32_t {aka long unsigned int}
      |                                                               %lx
vrdotp_vv_u32_m1.c: In function 'vrdotp_vv_u32_m1_golden':
vrdotp_vv_u32_m1.c:78:1: error: expected declaration or statement at end of input
   78 | }
      | ^
vrdotp_vv_u32_m1.c:30:40: warning: unused parameter 'mask' [-Wunused-parameter]
   30 | void vrdotp_vv_u32_m1_golden(uint64_t *mask,uint32_t *a,uint32_t *b,uint32_t *c,uint32_t *exp_result) {
      |                              ~~~~~~~~~~^~~~
vrdotp_vv_u32_m1.c:30:55: warning: unused parameter 'a' [-Wunused-parameter]
   30 | void vrdotp_vv_u32_m1_golden(uint64_t *mask,uint32_t *a,uint32_t *b,uint32_t *c,uint32_t *exp_result) {
      |                                             ~~~~~~~~~~^
vrdotp_vv_u32_m1.c:30:67: warning: unused parameter 'b' [-Wunused-parameter]
   30 | void vrdotp_vv_u32_m1_golden(uint64_t *mask,uint32_t *a,uint32_t *b,uint32_t *c,uint32_t *exp_result) {
      |                                                         ~~~~~~~~~~^
vrdotp_vv_u32_m1.c:30:79: warning: unused parameter 'c' [-Wunused-parameter]
   30 | void vrdotp_vv_u32_m1_golden(uint64_t *mask,uint32_t *a,uint32_t *b,uint32_t *c,uint32_t *exp_result) {
      |                                                                     ~~~~~~~~~~^
vrdotp_vv_u32_m1.c:30:91: warning: unused parameter 'exp_result' [-Wunused-parameter]
   30 | void vrdotp_vv_u32_m1_golden(uint64_t *mask,uint32_t *a,uint32_t *b,uint32_t *c,uint32_t *exp_result) {
      |                                                                                 ~~~~~~~~~~^~~~~~~~~~
At top level:
vrdotp_vv_u32_m1.c:35:5: warning: 'main' defined but not used [-Wunused-function]
   35 | int main(void) {
      |     ^~~~
make[1]: *** [/home/test/workspace/risc-v/rivai/riscv-intrinsic-testing/bin/test/vrdotp_vv_u32_m1.o] Error 1
make: *** [bare] Error 2
======================================================================

 target	:	deccription
****************************
 bare	:	build application on baremental case. param: type=app-type app=app-name

 rbb	:	run bare-app on beak. (build it firstly if modified) param: APP_TYPE=type APP_NAME=app-name , bp=beak-param

 clean		:	delete objects generated by make
****************************

/home/test/workspace/risc-v/rivai/riscv-intrinsic-testing/scripts/gorun.sh /home/test/workspace/risc-v/rivai/riscv-intrinsic-testing/test "make -j4 APP_TYPE=test APP_NAME=vrdotp_vv_u32_m1"
~/workspace/risc-v/rivai/riscv-intrinsic-testing/test ~/workspace/risc-v/rivai/riscv-intrinsic-testing
make[1]: Entering directory '/home/test/workspace/risc-v/rivai/riscv-intrinsic-testing/test'
    CC vrdotp_vv_u32_m1.c
Makefile:73: recipe for target '/home/test/workspace/risc-v/rivai/riscv-intrinsic-testing/bin/test/vrdotp_vv_u32_m1.o' failed
make[1]: Leaving directory '/home/test/workspace/risc-v/rivai/riscv-intrinsic-testing/test'
Makefile:37: recipe for target 'bare' failed