vrsum_v_i32.c:9:2: warning: multi-line comment [-Wcomment]
    9 |  //#define data_init_bool(a, b, n, threshold) \
      |  ^
vrsum_v_i32.c:11:44: warning: backslash and newline separated by space
   11 |  #define data_init_scalar(a, b, threshold) \
      |                                             
vrsum_v_i32.c:30:6: warning: no previous prototype for 'vrsum_v_i32_golden' [-Wmissing-prototypes]
   30 | void vrsum_v_i32_golden(int32_t *a,int32_t *exp_result) {
      |      ^~~~~~~~~~~~~~~~~~
vrsum_v_i32.c: In function 'vrsum_v_i32_golden':
vrsum_v_i32.c:31:1: error: unknown type name 'Operator'
   31 | Operator Line --- TODO
      | ^~~~~~~~
vrsum_v_i32.c:31:15: error: expected '=', ',', ';', 'asm' or '__attribute__' before '--' token
   31 | Operator Line --- TODO
      |               ^~
vrsum_v_i32.c:35:5: warning: 'main' is normally a non-static function [-Wmain]
   35 | int main(void) {
      |     ^~~~
vrsum_v_i32.c: In function 'main':
vrsum_v_i32.c:37:16: warning: declaration of 'a' shadows a parameter [-Wshadow]
   37 |     int32x16_t a;
      |                ^
vrsum_v_i32.c:30:34: note: shadowed declaration is here
   30 | void vrsum_v_i32_golden(int32_t *a,int32_t *exp_result) {
      |                         ~~~~~~~~~^
vrsum_v_i32.c:41:13: warning: declaration of 'exp_result' shadows a parameter [-Wshadow]
   41 |     int32_t exp_result[16] = {0};
      |             ^~~~~~~~~~
vrsum_v_i32.c:30:45: note: shadowed declaration is here
   30 | void vrsum_v_i32_golden(int32_t *a,int32_t *exp_result) {
      |                                    ~~~~~~~~~^~~~~~~~~~
vrsum_v_i32.c:54:64: warning: format '%x' expects argument of type 'unsigned int', but argument 5 has type 'int32_t' {aka 'long int'} [-Wformat=]
   54 |             printf("Failed: result[%d] = %x, exp_result[%d] = %x\n", i, result[i], i, exp_result[i]);
      |                                                               ~^                      ~~~~~~~~~~~~~
      |                                                                |                                |
      |                                                                unsigned int                     int32_t {aka long int}
      |                                                               %lx
vrsum_v_i32.c: In function 'vrsum_v_i32_golden':
vrsum_v_i32.c:69:1: error: expected declaration or statement at end of input
   69 | }
      | ^
vrsum_v_i32.c:30:34: warning: unused parameter 'a' [-Wunused-parameter]
   30 | void vrsum_v_i32_golden(int32_t *a,int32_t *exp_result) {
      |                         ~~~~~~~~~^
vrsum_v_i32.c:30:45: warning: unused parameter 'exp_result' [-Wunused-parameter]
   30 | void vrsum_v_i32_golden(int32_t *a,int32_t *exp_result) {
      |                                    ~~~~~~~~~^~~~~~~~~~
At top level:
vrsum_v_i32.c:35:5: warning: 'main' defined but not used [-Wunused-function]
   35 | int main(void) {
      |     ^~~~
make[1]: *** [/home/test/workspace/risc-v/rivai/riscv-intrinsic-testing/bin/test/vrsum_v_i32.o] Error 1
make: *** [bare] Error 2
======================================================================

 target	:	deccription
****************************
 bare	:	build application on baremental case. param: type=app-type app=app-name

 rbb	:	run bare-app on beak. (build it firstly if modified) param: APP_TYPE=type APP_NAME=app-name , bp=beak-param

 clean		:	delete objects generated by make
****************************

/home/test/workspace/risc-v/rivai/riscv-intrinsic-testing/scripts/gorun.sh /home/test/workspace/risc-v/rivai/riscv-intrinsic-testing/test "make -j4 APP_TYPE=test APP_NAME=vrsum_v_i32"
~/workspace/risc-v/rivai/riscv-intrinsic-testing/test ~/workspace/risc-v/rivai/riscv-intrinsic-testing
make[1]: Entering directory '/home/test/workspace/risc-v/rivai/riscv-intrinsic-testing/test'
    CC vrsum_v_i32.c
Makefile:73: recipe for target '/home/test/workspace/risc-v/rivai/riscv-intrinsic-testing/bin/test/vrsum_v_i32.o' failed
make[1]: Leaving directory '/home/test/workspace/risc-v/rivai/riscv-intrinsic-testing/test'
Makefile:37: recipe for target 'bare' failed