vcmpge_vx_u32.c:9:2: warning: multi-line comment [-Wcomment]
    9 |  //#define data_init_bool(a, b, n, threshold) \
      |  ^
vcmpge_vx_u32.c:11:44: warning: backslash and newline separated by space
   11 |  #define data_init_scalar(a, b, threshold) \
      |                                             
vcmpge_vx_u32.c:30:6: warning: no previous prototype for 'vcmpge_vx_u32_golden' [-Wmissing-prototypes]
   30 | void vcmpge_vx_u32_golden(uint64_t *exp_result) {
      |      ^~~~~~~~~~~~~~~~~~~~
vcmpge_vx_u32.c: In function 'vcmpge_vx_u32_golden':
vcmpge_vx_u32.c:32:26: error: 'a' undeclared (first use in this function)
   32 |         exp_result[i] = (a[i]>=b);
      |                          ^
vcmpge_vx_u32.c:32:26: note: each undeclared identifier is reported only once for each function it appears in
vcmpge_vx_u32.c:32:32: error: 'b' undeclared (first use in this function)
   32 |         exp_result[i] = (a[i]>=b);
      |                                ^
vcmpge_vx_u32.c: In function 'main':
vcmpge_vx_u32.c:52:26: warning: passing argument 1 of 'vcmpge_vx_u32_golden' from incompatible pointer type [-Wincompatible-pointer-types]
   52 |     vcmpge_vx_u32_golden(exp_a,exp_b,exp_result);
      |                          ^~~~~
      |                          |
      |                          uint32_t * {aka long unsigned int *}
vcmpge_vx_u32.c:30:37: note: expected 'uint64_t *' {aka 'long long unsigned int *'} but argument is of type 'uint32_t *' {aka 'long unsigned int *'}
   30 | void vcmpge_vx_u32_golden(uint64_t *exp_result) {
      |                           ~~~~~~~~~~^~~~~~~~~~
vcmpge_vx_u32.c:52:5: error: too many arguments to function 'vcmpge_vx_u32_golden'
   52 |     vcmpge_vx_u32_golden(exp_a,exp_b,exp_result);
      |     ^~~~~~~~~~~~~~~~~~~~
vcmpge_vx_u32.c:30:6: note: declared here
   30 | void vcmpge_vx_u32_golden(uint64_t *exp_result) {
      |      ^~~~~~~~~~~~~~~~~~~~
vcmpge_vx_u32.c:60:64: warning: format '%x' expects argument of type 'unsigned int', but argument 5 has type 'uint64_t' {aka 'long long unsigned int'} [-Wformat=]
   60 |             printf("Failed: result[%d] = %x, exp_result[%d] = %x\n", i, result[i], i, exp_result[i]);
      |                                                               ~^                      ~~~~~~~~~~~~~
      |                                                                |                                |
      |                                                                unsigned int                     uint64_t {aka long long unsigned int}
      |                                                               %llx
make[1]: *** [/home/test/workspace/risc-v/rivai/riscv-intrinsic-testing/bin/test/vcmpge_vx_u32.o] Error 1
make: *** [bare] Error 2
======================================================================

 target	:	deccription
****************************
 bare	:	build application on baremental case. param: type=app-type app=app-name

 rbb	:	run bare-app on beak. (build it firstly if modified) param: APP_TYPE=type APP_NAME=app-name , bp=beak-param

 clean		:	delete objects generated by make
****************************

/home/test/workspace/risc-v/rivai/riscv-intrinsic-testing/scripts/gorun.sh /home/test/workspace/risc-v/rivai/riscv-intrinsic-testing/test "make -j4 APP_TYPE=test APP_NAME=vcmpge_vx_u32"
~/workspace/risc-v/rivai/riscv-intrinsic-testing/test ~/workspace/risc-v/rivai/riscv-intrinsic-testing
make[1]: Entering directory '/home/test/workspace/risc-v/rivai/riscv-intrinsic-testing/test'
    CC vcmpge_vx_u32.c
Makefile:73: recipe for target '/home/test/workspace/risc-v/rivai/riscv-intrinsic-testing/bin/test/vcmpge_vx_u32.o' failed
make[1]: Leaving directory '/home/test/workspace/risc-v/rivai/riscv-intrinsic-testing/test'
Makefile:37: recipe for target 'bare' failed