vor_vv_i16_m.c:9:2: warning: multi-line comment [-Wcomment]
    9 |  //#define data_init_bool(a, b, n, threshold) \
      |  ^
vor_vv_i16_m.c:11:44: warning: backslash and newline separated by space
   11 |  #define data_init_scalar(a, b, threshold) \
      |                                             
vor_vv_i16_m.c:13:40: warning: backslash and newline separated by space
   13 |  #define data_init(a, b, n, threshold) \
      |                                         
vor_vv_i16_m.c:14:35: warning: backslash and newline separated by space
   14 |      for(int i = 0; i < n; i++) { \
      |                                    
vor_vv_i16_m.c:15:40: warning: backslash and newline separated by space
   15 |              a[i] = random(threshold); \
      |                                         
vor_vv_i16_m.c:16:27: warning: backslash and newline separated by space
   16 |              b[i] = a[i]; \
      |                            
vor_vv_i16_m.c:22:6: warning: no previous prototype for 'vor_vv_i16_m_golden' [-Wmissing-prototypes]
   22 | void vor_vv_i16_m_golden(bool32_t mask,int16_t *maskoff,int16_t *a,int16_t *b,int16_t *exp_result) {
      |      ^~~~~~~~~~~~~~~~~~~
vor_vv_i16_m.c: In function 'vor_vv_i16_m_golden':
vor_vv_i16_m.c:24:25: error: 'TODO' undeclared (first use in this function)
   24 |         exp_result[i] = TODO;
      |                         ^~~~
vor_vv_i16_m.c:24:25: note: each undeclared identifier is reported only once for each function it appears in
vor_vv_i16_m.c:22:35: warning: unused parameter 'mask' [-Wunused-parameter]
   22 | void vor_vv_i16_m_golden(bool32_t mask,int16_t *maskoff,int16_t *a,int16_t *b,int16_t *exp_result) {
      |                          ~~~~~~~~~^~~~
vor_vv_i16_m.c:22:49: warning: unused parameter 'maskoff' [-Wunused-parameter]
   22 | void vor_vv_i16_m_golden(bool32_t mask,int16_t *maskoff,int16_t *a,int16_t *b,int16_t *exp_result) {
      |                                        ~~~~~~~~~^~~~~~~
vor_vv_i16_m.c:22:66: warning: unused parameter 'a' [-Wunused-parameter]
   22 | void vor_vv_i16_m_golden(bool32_t mask,int16_t *maskoff,int16_t *a,int16_t *b,int16_t *exp_result) {
      |                                                         ~~~~~~~~~^
vor_vv_i16_m.c:22:77: warning: unused parameter 'b' [-Wunused-parameter]
   22 | void vor_vv_i16_m_golden(bool32_t mask,int16_t *maskoff,int16_t *a,int16_t *b,int16_t *exp_result) {
      |                                                                    ~~~~~~~~~^
vor_vv_i16_m.c: In function 'main':
vor_vv_i16_m.c:42:5: warning: implicit declaration of function 'data_init_bool'; did you mean 'data_init_scalar'? [-Wimplicit-function-declaration]
   42 |     data_init_bool(mask, exp_mask, 32, 0xffff);
      |     ^~~~~~~~~~~~~~
      |     data_init_scalar
vor_vv_i16_m.c:48:25: error: incompatible type for argument 1 of 'vor_vv_i16_m_golden'
   48 |     vor_vv_i16_m_golden(exp_mask,exp_maskoff,exp_a,exp_b,exp_result);
      |                         ^~~~~~~~
      |                         |
      |                         uint64_t * {aka long long unsigned int *}
vor_vv_i16_m.c:22:35: note: expected 'bool32_t' but argument is of type 'uint64_t *' {aka 'long long unsigned int *'}
   22 | void vor_vv_i16_m_golden(bool32_t mask,int16_t *maskoff,int16_t *a,int16_t *b,int16_t *exp_result) {
      |                          ~~~~~~~~~^~~~
make[1]: *** [/home/test/workspace/risc-v/rivai/riscv-intrinsic-testing/bin/test/vor_vv_i16_m.o] Error 1
make: *** [bare] Error 2
======================================================================

 target	:	deccription
****************************
 bare	:	build application on baremental case. param: type=app-type app=app-name

 rbb	:	run bare-app on beak. (build it firstly if modified) param: APP_TYPE=type APP_NAME=app-name , bp=beak-param

 clean		:	delete objects generated by make
****************************

/home/test/workspace/risc-v/rivai/riscv-intrinsic-testing/scripts/gorun.sh /home/test/workspace/risc-v/rivai/riscv-intrinsic-testing/test "make -j4 APP_TYPE=test APP_NAME=vor_vv_i16_m"
~/workspace/risc-v/rivai/riscv-intrinsic-testing/test ~/workspace/risc-v/rivai/riscv-intrinsic-testing
make[1]: Entering directory '/home/test/workspace/risc-v/rivai/riscv-intrinsic-testing/test'
    CC vor_vv_i16_m.c
Makefile:73: recipe for target '/home/test/workspace/risc-v/rivai/riscv-intrinsic-testing/bin/test/vor_vv_i16_m.o' failed
make[1]: Leaving directory '/home/test/workspace/risc-v/rivai/riscv-intrinsic-testing/test'
Makefile:37: recipe for target 'bare' failed